2015/07/10 01:51:29 [error] [exception.CHttpException.403] exception 'CHttpException' with message 'You are not allowed to access this page.' in /vagrant/www/mysite/yii/framework/gii/GiiModule.php:170
Stack trace:
#0 /vagrant/www/mysite/yii/framework/web/CController.php(263): GiiModule->beforeControllerAction(Object(DefaultController), Object(CInlineAction))
#1 /vagrant/www/mysite/yii/framework/web/CWebApplication.php(282): CController->run('')
#2 /vagrant/www/mysite/yii/framework/web/CWebApplication.php(141): CWebApplication->runController('gii')
#3 /vagrant/www/mysite/yii/framework/base/CApplication.php(184): CWebApplication->processRequest()
#4 /vagrant/www/mysite/car/index.php(13): CApplication->run()
#5 {main}
REQUEST_URI=/car/index.php?r=gii
---
2015/07/10 02:10:28 [error] [exception.CHttpException.404] exception 'CHttpException' with message '无法解析请求 "order"。' in /vagrant/www/mysite/yii/framework/web/CWebApplication.php:286
Stack trace:
#0 /vagrant/www/mysite/yii/framework/web/CWebApplication.php(141): CWebApplication->runController('order')
#1 /vagrant/www/mysite/yii/framework/base/CApplication.php(184): CWebApplication->processRequest()
#2 /vagrant/www/mysite/car/index.php(13): CApplication->run()
#3 {main}
REQUEST_URI=/car/index.php?r=order
---
2015/07/10 02:21:58 [error] [exception.CHttpException.403] exception 'CHttpException' with message '您未被授权执行这个动作' in /vagrant/www/mysite/yii/framework/web/auth/CAccessControlFilter.php:182
Stack trace:
#0 /vagrant/www/mysite/yii/framework/web/auth/CAccessControlFilter.php(145): CAccessControlFilter->accessDenied(Object(WebUser), '???????????????...')
#1 /vagrant/www/mysite/yii/framework/web/filters/CFilter.php(38): CAccessControlFilter->preFilter(Object(CFilterChain))
#2 /vagrant/www/mysite/yii/framework/web/CController.php(1145): CFilter->filter(Object(CFilterChain))
#3 /vagrant/www/mysite/yii/framework/web/filters/CInlineFilter.php(58): CController->filterAccessControl(Object(CFilterChain))
#4 /vagrant/www/mysite/yii/framework/web/filters/CFilterChain.php(130): CInlineFilter->filter(Object(CFilterChain))
#5 /vagrant/www/mysite/yii/framework/web/CController.php(291): CFilterChain->run()
#6 /vagrant/www/mysite/yii/framework/web/CController.php(265): CController->runActionWithFilters(Object(CInlineAction), Array)
#7 /vagrant/www/mysite/yii/framework/web/CWebApplication.php(282): CController->run('admin')
#8 /vagrant/www/mysite/yii/framework/web/CWebApplication.php(141): CWebApplication->runController('orders/admin')
#9 /vagrant/www/mysite/yii/framework/base/CApplication.php(184): CWebApplication->processRequest()
#10 /vagrant/www/mysite/car/index.php(13): CApplication->run()
#11 {main}
REQUEST_URI=/car/index.php?r=orders/admin
HTTP_REFERER=http://mysite.dev/car/index.php?r=orders/create
---
2015/07/10 02:24:24 [error] [exception.CHttpException.403] exception 'CHttpException' with message '您未被授权执行这个动作' in /vagrant/www/mysite/yii/framework/web/auth/CAccessControlFilter.php:182
Stack trace:
#0 /vagrant/www/mysite/yii/framework/web/auth/CAccessControlFilter.php(145): CAccessControlFilter->accessDenied(Object(WebUser), '???????????????...')
#1 /vagrant/www/mysite/yii/framework/web/filters/CFilter.php(38): CAccessControlFilter->preFilter(Object(CFilterChain))
#2 /vagrant/www/mysite/yii/framework/web/CController.php(1145): CFilter->filter(Object(CFilterChain))
#3 /vagrant/www/mysite/yii/framework/web/filters/CInlineFilter.php(58): CController->filterAccessControl(Object(CFilterChain))
#4 /vagrant/www/mysite/yii/framework/web/filters/CFilterChain.php(130): CInlineFilter->filter(Object(CFilterChain))
#5 /vagrant/www/mysite/yii/framework/web/CController.php(291): CFilterChain->run()
#6 /vagrant/www/mysite/yii/framework/web/CController.php(265): CController->runActionWithFilters(Object(CInlineAction), Array)
#7 /vagrant/www/mysite/yii/framework/web/CWebApplication.php(282): CController->run('admin')
#8 /vagrant/www/mysite/yii/framework/web/CWebApplication.php(141): CWebApplication->runController('orders/admin')
#9 /vagrant/www/mysite/yii/framework/base/CApplication.php(184): CWebApplication->processRequest()
#10 /vagrant/www/mysite/car/index.php(13): CApplication->run()
#11 {main}
REQUEST_URI=/car/index.php?r=orders/admin
HTTP_REFERER=http://mysite.dev/car/index.php?r=orders/index
---
